<?xml version="1.0" encoding="UTF-8"?>
<!-- Generated by org.testng.reporters.JUnitXMLReporter -->
<testsuite hostname="LAPTOP-IFK1OHJ7" name="test12" tests="2" failures="1" timestamp="15 Aug 2018 07:48:55 GMT" time="1.564" errors="0">
  <testcase name="getCatalogueTest" time="1.298" classname="post.TestHttpPostData"/>
  <testcase name="addCatalogueTest" time="0.091" classname="post.TestHttpPostData">
    <failure type="java.lang.AssertionError" message="expected [true] but found [false]">
      <![CDATA[java.lang.AssertionError: expected [true] but found [false]
	at post.HttpRequestPost.httpPostData(HttpRequestPost.java:48)
	at post.TestHttpPostData.addCatalogueTest(TestHttpPostData.java:20)
... Removed 27 stack frames]]>
    </failure>
  </testcase> <!-- addCatalogueTest -->
</testsuite> <!-- test12 -->
